TN:
SF:D:\ReactNativeProjects\MeetMe\src\rootReducer.js
FNF:0
FNH:0
LF:0
LH:0
BRF:0
BRH:0
end_of_record
TN:
SF:D:\ReactNativeProjects\MeetMe\src\Components\Form\FormActionTypes.js
FNF:0
FNH:0
DA:1,5
DA:2,5
DA:3,5
DA:4,5
DA:5,5
DA:6,5
DA:7,5
DA:8,5
DA:9,5
DA:10,5
DA:11,5
LF:11
LH:11
BRF:0
BRH:0
end_of_record
TN:
SF:D:\ReactNativeProjects\MeetMe\src\Components\Form\FormActions.js
FN:14,(anonymous_0)
FN:15,(anonymous_1)
FN:16,(anonymous_2)
FN:17,(anonymous_3)
FN:18,(anonymous_4)
FN:19,(anonymous_5)
FN:20,(anonymous_6)
FN:21,(anonymous_7)
FN:22,(anonymous_8)
FN:23,(anonymous_9)
FN:24,(anonymous_10)
FN:26,(anonymous_11)
FN:26,(anonymous_12)
FN:29,(anonymous_13)
FN:29,(anonymous_14)
FN:32,(anonymous_15)
FN:32,(anonymous_16)
FN:35,(anonymous_17)
FN:35,(anonymous_18)
FN:38,(anonymous_19)
FN:38,(anonymous_20)
FN:41,(anonymous_21)
FN:41,(anonymous_22)
FN:68,(anonymous_23)
FN:68,(anonymous_24)
FN:71,(anonymous_25)
FN:71,(anonymous_26)
FN:74,(anonymous_27)
FN:74,(anonymous_28)
FNF:29
FNH:29
FNDA:2,(anonymous_0)
FNDA:2,(anonymous_1)
FNDA:2,(anonymous_2)
FNDA:2,(anonymous_3)
FNDA:2,(anonymous_4)
FNDA:1,(anonymous_5)
FNDA:3,(anonymous_6)
FNDA:5,(anonymous_7)
FNDA:4,(anonymous_8)
FNDA:3,(anonymous_9)
FNDA:3,(anonymous_10)
FNDA:1,(anonymous_11)
FNDA:1,(anonymous_12)
FNDA:1,(anonymous_13)
FNDA:1,(anonymous_14)
FNDA:1,(anonymous_15)
FNDA:1,(anonymous_16)
FNDA:1,(anonymous_17)
FNDA:1,(anonymous_18)
FNDA:1,(anonymous_19)
FNDA:1,(anonymous_20)
FNDA:1,(anonymous_21)
FNDA:1,(anonymous_22)
FNDA:2,(anonymous_23)
FNDA:2,(anonymous_24)
FNDA:2,(anonymous_25)
FNDA:2,(anonymous_26)
FNDA:2,(anonymous_27)
FNDA:2,(anonymous_28)
DA:14,2
DA:15,2
DA:16,2
DA:17,2
DA:18,2
DA:19,2
DA:20,3
DA:21,5
DA:22,4
DA:23,3
DA:24,3
DA:26,2
DA:27,1
DA:29,2
DA:30,1
DA:32,2
DA:33,1
DA:35,2
DA:36,1
DA:38,2
DA:39,1
DA:41,2
DA:42,1
DA:43,1
DA:44,1
DA:52,0
DA:53,0
DA:54,0
DA:55,0
DA:56,0
DA:58,0
DA:59,0
DA:60,0
DA:61,0
DA:63,1
DA:64,1
DA:65,1
DA:68,2
DA:69,2
DA:71,2
DA:72,2
DA:74,2
DA:75,2
LF:43
LH:34
BRDA:53,0,0,0
BRDA:53,0,1,0
BRF:2
BRH:0
end_of_record
TN:
SF:D:\ReactNativeProjects\MeetMe\src\Components\Form\FormReducer.js
FN:34,(anonymous_0)
FNF:1
FNH:1
FNDA:65,(anonymous_0)
DA:16,4
DA:35,65
DA:37,1
DA:43,1
DA:48,1
DA:53,1
DA:58,1
DA:63,0
DA:68,2
DA:73,4
DA:78,3
DA:84,2
DA:89,2
DA:94,47
LF:14
LH:13
BRDA:34,0,0,32
BRDA:35,1,0,1
BRDA:35,1,1,1
BRDA:35,1,2,1
BRDA:35,1,3,1
BRDA:35,1,4,1
BRDA:35,1,5,0
BRDA:35,1,6,2
BRDA:35,1,7,4
BRDA:35,1,8,3
BRDA:35,1,9,2
BRDA:35,1,10,2
BRDA:35,1,11,47
BRF:13
BRH:12
end_of_record
TN:
SF:D:\ReactNativeProjects\MeetMe\src\Components\HomePage\HomePageActionTypes.js
FNF:0
FNH:0
DA:1,5
DA:2,5
DA:3,5
LF:3
LH:3
BRF:0
BRH:0
end_of_record
TN:
SF:D:\ReactNativeProjects\MeetMe\src\Components\HomePage\HomePageActions.js
FN:4,(anonymous_0)
FN:5,(anonymous_1)
FN:6,(anonymous_2)
FN:8,(anonymous_3)
FN:8,(anonymous_4)
FN:12,(anonymous_5)
FN:12,(anonymous_6)
FN:16,(anonymous_7)
FN:16,(anonymous_8)
FNF:9
FNH:9
FNDA:2,(anonymous_0)
FNDA:2,(anonymous_1)
FNDA:3,(anonymous_2)
FNDA:1,(anonymous_3)
FNDA:1,(anonymous_4)
FNDA:1,(anonymous_5)
FNDA:1,(anonymous_6)
FNDA:2,(anonymous_7)
FNDA:2,(anonymous_8)
DA:4,2
DA:5,2
DA:6,3
DA:8,2
DA:9,1
DA:10,1
DA:12,2
DA:13,1
DA:14,1
DA:16,2
DA:17,2
LF:11
LH:11
BRF:0
BRH:0
end_of_record
TN:
SF:D:\ReactNativeProjects\MeetMe\src\Components\HomePage\HomePageReducer.js
FN:9,(anonymous_0)
FNF:1
FNH:1
FNDA:65,(anonymous_0)
DA:3,4
DA:10,65
DA:12,1
DA:17,1
DA:22,2
DA:27,61
LF:6
LH:6
BRDA:9,0,0,32
BRDA:10,1,0,1
BRDA:10,1,1,1
BRDA:10,1,2,2
BRDA:10,1,3,61
BRF:5
BRH:5
end_of_record
TN:
SF:D:\ReactNativeProjects\MeetMe\src\Components\Result\ResultActionTypes.js
FNF:0
FNH:0
DA:1,5
LF:1
LH:1
BRF:0
BRH:0
end_of_record
TN:
SF:D:\ReactNativeProjects\MeetMe\src\Components\Result\ResultActions.js
FN:2,(anonymous_0)
FN:4,(anonymous_1)
FN:4,(anonymous_2)
FNF:3
FNH:3
FNDA:2,(anonymous_0)
FNDA:1,(anonymous_1)
FNDA:1,(anonymous_2)
DA:2,2
DA:4,2
DA:5,1
LF:3
LH:3
BRF:0
BRH:0
end_of_record
TN:
SF:D:\ReactNativeProjects\MeetMe\src\Components\Result\ResultReducer.js
FN:7,(anonymous_0)
FNF:1
FNH:1
FNDA:65,(anonymous_0)
DA:3,4
DA:8,65
DA:10,1
DA:15,64
LF:4
LH:4
BRDA:7,0,0,32
BRDA:8,1,0,1
BRDA:8,1,1,64
BRF:3
BRH:3
end_of_record
TN:
SF:D:\ReactNativeProjects\MeetMe\src\Components\Sync\SyncActionTypes.js
FNF:0
FNH:0
DA:1,5
DA:2,5
DA:3,5
DA:4,5
DA:5,5
LF:5
LH:5
BRF:0
BRH:0
end_of_record
TN:
SF:D:\ReactNativeProjects\MeetMe\src\Components\Sync\SyncActions.js
FN:11,(anonymous_0)
FN:12,(anonymous_1)
FN:13,(anonymous_2)
FN:14,(anonymous_3)
FN:15,(anonymous_4)
FN:17,(anonymous_5)
FN:17,(anonymous_6)
FN:19,(anonymous_7)
FN:21,(anonymous_8)
FN:28,(anonymous_9)
FN:35,(anonymous_10)
FN:53,(anonymous_11)
FN:54,(anonymous_12)
FN:64,(anonymous_13)
FN:73,(anonymous_14)
FN:73,(anonymous_15)
FN:76,(anonymous_16)
FN:76,(anonymous_17)
FN:79,(anonymous_18)
FN:79,(anonymous_19)
FNF:20
FNH:13
FNDA:2,(anonymous_0)
FNDA:2,(anonymous_1)
FNDA:3,(anonymous_2)
FNDA:4,(anonymous_3)
FNDA:3,(anonymous_4)
FNDA:1,(anonymous_5)
FNDA:1,(anonymous_6)
FNDA:0,(anonymous_7)
FNDA:0,(anonymous_8)
FNDA:0,(anonymous_9)
FNDA:0,(anonymous_10)
FNDA:0,(anonymous_11)
FNDA:0,(anonymous_12)
FNDA:0,(anonymous_13)
FNDA:2,(anonymous_14)
FNDA:2,(anonymous_15)
FNDA:2,(anonymous_16)
FNDA:2,(anonymous_17)
FNDA:2,(anonymous_18)
FNDA:2,(anonymous_19)
DA:11,2
DA:12,2
DA:13,3
DA:14,4
DA:15,3
DA:17,2
DA:18,1
DA:19,1
DA:20,0
DA:21,0
DA:22,0
DA:23,0
DA:26,0
DA:27,0
DA:29,0
DA:30,0
DA:35,0
DA:36,0
DA:45,0
DA:53,0
DA:55,0
DA:56,0
DA:57,0
DA:59,0
DA:60,0
DA:61,0
DA:65,0
DA:66,0
DA:73,2
DA:74,2
DA:76,2
DA:77,2
DA:79,2
DA:80,2
LF:34
LH:14
BRDA:22,0,0,0
BRDA:22,0,1,0
BRDA:22,1,0,0
BRDA:22,1,1,0
BRDA:26,2,0,0
BRDA:26,2,1,0
BRDA:55,3,0,0
BRDA:55,3,1,0
BRF:8
BRH:0
end_of_record
TN:
SF:D:\ReactNativeProjects\MeetMe\src\Components\Sync\SyncReducer.js
FN:17,(anonymous_0)
FNF:1
FNH:1
FNDA:65,(anonymous_0)
DA:9,4
DA:18,65
DA:20,1
DA:25,3
DA:30,1
DA:35,2
DA:40,2
DA:45,56
LF:8
LH:8
BRDA:17,0,0,32
BRDA:18,1,0,1
BRDA:18,1,1,3
BRDA:18,1,2,1
BRDA:18,1,3,2
BRDA:18,1,4,2
BRDA:18,1,5,56
BRF:7
BRH:7
end_of_record
